<?xml version="1.0" encoding="UTF-8"?>
<!-- Generated by org.testng.reporters.JUnitXMLReporter -->
<testsuite hostname="DESKTOP-KEUUNMG" ignored="0" name="Default test" tests="3" failures="0" timestamp="12 Apr 2020 06:13:34 GMT" time="0.116" errors="0">
  <testcase name="test1" time="0.034" classname="listeners.TestNGListenerdemo"/>
  <testcase name="test2" time="0.003" classname="listeners.TestNGListenerdemo"/>
  <testcase name="test3" time="0.001" classname="listeners.TestNGListenerdemo"/>
</testsuite> <!-- Default test -->
